c:\users\minsu\source\repos\project2\project2\debug\vc141.pdb
c:\users\minsu\source\repos\project2\project2\debug\vc141.idb
c:\users\minsu\source\repos\project2\project2\debug\practice01.obj
c:\users\minsu\source\repos\project2\project2\debug\practice04.obj
c:\users\minsu\source\repos\project2\project2\debug\practice02.obj
c:\users\minsu\source\repos\project2\project2\debug\practice03.obj
c:\users\minsu\source\repos\project2\project2\debug\practice05.obj
c:\users\minsu\source\repos\project2\project2\debug\practice06.obj
c:\users\minsu\source\repos\project2\project2\debug\practice07.obj
c:\users\minsu\source\repos\project2\project2\debug\practice08.obj
c:\users\minsu\source\repos\project2\project2\debug\practice09.obj
c:\users\minsu\source\repos\project2\project2\debug\practice10.obj
c:\users\minsu\source\repos\project2\project2\debug\practice13.obj
c:\users\minsu\source\repos\project2\project2\debug\practice12.obj
c:\users\minsu\source\repos\project2\project2\debug\practice12another.obj
c:\users\minsu\source\repos\project2\project2\debug\mysource.obj
c:\users\minsu\source\repos\project2\project2\debug\practice11.obj
c:\users\minsu\source\repos\project2\project2\debug\myframesource.obj
c:\users\minsu\source\repos\project2\project2\debug\practice14.obj
c:\users\minsu\source\repos\project2\project2\debug\practice18.obj
c:\users\minsu\source\repos\project2\project2\debug\practice16.obj
c:\users\minsu\source\repos\project2\project2\debug\practice17.obj
c:\users\minsu\source\repos\project2\project2\debug\practice19_짐벌락체크용.obj
c:\users\minsu\source\repos\project2\project2\debug\practice20.obj
c:\users\minsu\source\repos\project2\project2\debug\cgmath.obj
c:\users\minsu\source\repos\project2\project2\debug\cgcamera.obj
c:\users\minsu\source\repos\project2\project2\debug\practice19검사용.obj
c:\users\minsu\source\repos\project2\project2\debug\object.obj
c:\users\minsu\source\repos\project2\project2\debug\cgobject.obj
c:\users\minsu\source\repos\project2\project2\debug\practice12_best.obj
c:\users\minsu\source\repos\project2\project2\debug\projectdefines.obj
c:\users\minsu\source\repos\project2\project2\debug\숙제1_main.obj
c:\users\minsu\source\repos\project2\project2\debug\practice21.obj
c:\users\minsu\source\repos\project2\project2\debug\practice22.obj
c:\users\minsu\source\repos\project2\project2\debug\practice23.obj
c:\users\minsu\source\repos\project2\debug\computergraphics.exe
c:\users\minsu\source\repos\project2\debug\computergraphics.ilk
c:\users\minsu\source\repos\project2\debug\computergraphics.pdb
c:\users\minsu\source\repos\project2\project2\debug\practice13another.obj
c:\users\minsu\source\repos\project2\project2\debug\practice15.obj
c:\users\minsu\source\repos\project2\project2\debug\practice19.obj
c:\users\minsu\source\repos\project2\project2\debug\practice21미완.obj
c:\users\minsu\source\repos\project2\project2\debug\소스.obj
c:\users\minsu\source\repos\project2\project2\debug\숙제1_송민수.obj
c:\users\minsu\source\repos\project2\project2\debug\장호.obj
c:\users\minsu\source\repos\project2\project2\debug\computergraphics.tlog\cl.command.1.tlog
c:\users\minsu\source\repos\project2\project2\debug\computergraphics.tlog\cl.read.1.tlog
c:\users\minsu\source\repos\project2\project2\debug\computergraphics.tlog\cl.write.1.tlog
c:\users\minsu\source\repos\project2\project2\debug\computergraphics.tlog\link.command.1.tlog
c:\users\minsu\source\repos\project2\project2\debug\computergraphics.tlog\link.read.1.tlog
c:\users\minsu\source\repos\project2\project2\debug\computergraphics.tlog\link.write.1.tlog
